2023-06-18 11:06:287 INFO  HomePage :29 - Clicking on login link LOG IN
2023-06-18 12:06:840 INFO  HomePage :28 - Clicking on login link LOG IN
2023-06-18 12:06:752 INFO  LoginPage :42 - Enter email nikunja123@gmail.com to email field 
2023-06-18 12:06:977 INFO  LoginPage :48 - Enter password Nikki123 to password field 
2023-06-18 12:06:172 INFO  LoginPage :60 - Clicking on login link LOG IN
2023-06-18 12:06:680 INFO  HomePage :28 - Clicking on login link LOG IN
2023-06-18 12:06:995 INFO  HomePage :28 - Clicking on login link LOG IN
2023-06-18 12:06:933 INFO  HomePage :28 - Clicking on login link LOG IN
2023-06-18 12:06:411 INFO  HomePage :28 - Clicking on login link LOG IN
2023-06-18 12:06:308 INFO  LoginPage :43 - Enter email nikunja123@gmail.com to email field 
2023-06-18 12:06:723 INFO  LoginPage :49 - Enter password Nikki123 to password field 
2023-06-18 12:06:119 INFO  LoginPage :62 - Clicking on login link LOG IN
2023-06-18 12:06:894 INFO  HomePage :28 - Clicking on login link LOG IN
2023-06-18 12:06:63 INFO  LoginPage :43 - Enter email nikunja123@gmail.com to email field 
2023-06-18 12:06:468 INFO  LoginPage :49 - Enter password Nikki123 to password field 
2023-06-18 12:06:752 INFO  LoginPage :62 - Clicking on login link LOG IN
2023-06-18 12:06:570 INFO  HomePage :28 - Clicking on login link LOG IN
2023-06-18 12:06:28 INFO  LoginPage :43 - Enter email nikunja123@gmail.com to email field 
2023-06-18 12:06:115 INFO  LoginPage :49 - Enter password Nikki123 to password field 
2023-06-18 12:06:533 INFO  LoginPage :62 - Clicking on login link LOG IN
2023-06-18 12:06:837 INFO  HomePage :28 - Clicking on login link LOG IN
2023-06-18 12:06:683 INFO  LoginPage :43 - Enter email jinesh123@gmail.com to email field 
2023-06-18 12:06:176 INFO  LoginPage :49 - Enter password Jinu123 to password field 
2023-06-18 12:06:101 INFO  LoginPage :62 - Clicking on login link LOG IN
2023-06-18 12:06:938 INFO  HomePage :28 - Clicking on login link LOG IN
2023-06-18 12:06:589 INFO  LoginPage :43 - Enter email jinesh123@gmail.com to email field 
2023-06-18 12:06:462 INFO  LoginPage :49 - Enter password Jinu123 to password field 
2023-06-18 12:06:818 INFO  LoginPage :62 - Clicking on login link LOG IN
2023-06-18 12:06:963 INFO  HomePage :28 - Clicking on login link LOG IN
2023-06-18 12:06:403 INFO  LoginPage :43 - Enter email jinesh123@gmail.com to email field 
2023-06-18 12:06:29 INFO  LoginPage :49 - Enter password Jinu123 to password field 
2023-06-18 12:06:66 INFO  LoginPage :62 - Clicking on login link LOG IN
2023-06-18 12:06:906 INFO  HomePage :28 - Clicking on login link LOG IN
2023-06-18 12:06:557 INFO  HomePage :28 - Clicking on login link LOG IN
2023-06-18 12:06:954 INFO  HomePage :28 - Clicking on login link LOG IN
2023-06-18 13:06:838 INFO  HomePage :28 - Clicking on login link LOG IN
2023-06-18 13:06:841 INFO  HomePage :28 - Clicking on login link LOG IN
2023-06-18 13:06:623 INFO  LoginPage :43 - Enter email jinesh123@gmail.com to email field 
2023-06-18 13:06:273 INFO  LoginPage :49 - Enter password Jinu123 to password field 
2023-06-18 13:06:709 INFO  LoginPage :62 - Clicking on login link PLEASE WAIT...
